[93m2019-12-01 20:44:24,934 INFO - lipizzaner_mpi_master - Seed used in master: 1 [0m
[93m2019-12-01 20:44:25,450 INFO - lipizzaner_mpi_master - Asigned worker 2 to wid 0 [0m
[93m2019-12-01 20:44:25,450 INFO - distribution.comms_manager - Sent task (new_comm) to 2, tag 3 [0m
[93m2019-12-01 20:44:25,451 INFO - lipizzaner_mpi_master - Asigned worker 4 to wid 1 [0m
[93m2019-12-01 20:44:25,451 INFO - distribution.comms_manager - Sent task (new_comm) to 4, tag 3 [0m
[93m2019-12-01 20:44:25,451 INFO - lipizzaner_mpi_master - Asigned worker 1 to wid 2 [0m
[93m2019-12-01 20:44:25,452 INFO - distribution.comms_manager - Sent task (new_comm) to 1, tag 3 [0m
[93m2019-12-01 20:44:25,452 INFO - lipizzaner_mpi_master - Asigned worker 3 to wid 3 [0m
[93m2019-12-01 20:44:25,452 INFO - distribution.comms_manager - Sent task (new_comm) to 3, tag 3 [0m
[1;36;40m2019-12-01 20:44:34,147 INFO - lipizzaner_mpi_client - 4) Waiting for task [0m
[1;36;40m2019-12-01 20:44:34,157 INFO - distribution.comms_manager - Recieved task (new_comm) from 0, tag 3 [0m
[1;35;40m2019-12-01 20:44:34,542 INFO - lipizzaner_mpi_client - 3) Waiting for task [0m
[92m2019-12-01 20:44:34,521 INFO - lipizzaner_mpi_client - 2) Waiting for task [0m
[92m2019-12-01 20:44:34,552 INFO - distribution.comms_manager - Recieved task (new_comm) from 0, tag 3 [0m
[94m2019-12-01 20:44:34,547 INFO - lipizzaner_mpi_client - 1) Waiting for task [0m
[94m2019-12-01 20:44:34,553 INFO - distribution.comms_manager - Recieved task (new_comm) from 0, tag 3 [0m
[1;35;40m2019-12-01 20:44:34,554 INFO - distribution.comms_manager - Recieved task (new_comm) from 0, tag 3 [0m
[92m2019-12-01 20:44:34,557 INFO - distribution.comms_manager - New comm 0, rank 0 out of 4 [0m
[94m2019-12-01 20:44:34,557 INFO - distribution.comms_manager - New comm 0, rank 2 out of 4 [0m
[1;35;40m2019-12-01 20:44:34,558 INFO - distribution.comms_manager - New comm 0, rank 3 out of 4 [0m
[1;36;40m2019-12-01 20:44:34,557 INFO - distribution.comms_manager - New comm 0, rank 1 out of 4 [0m
[1;36;40m2019-12-01 20:44:34,557 INFO - lipizzaner_mpi_client - 4) Waiting for task [0m
[94m2019-12-01 20:44:34,557 INFO - lipizzaner_mpi_client - 1) Waiting for task [0m
[92m2019-12-01 20:44:34,557 INFO - lipizzaner_mpi_client - 2) Waiting for task [0m
[1;35;40m2019-12-01 20:44:34,558 INFO - lipizzaner_mpi_client - 3) Waiting for task [0m
[93m2019-12-01 20:44:34,558 INFO - distribution.comms_manager - New comm 2, rank 0 out of 1 [0m
[93m2019-12-01 20:44:34,561 INFO - distribution.comms_manager - Started worker 2, tag 3 [0m
[93m2019-12-01 20:44:34,562 INFO - distribution.comms_manager - Started worker 4, tag 3 [0m
[93m2019-12-01 20:44:34,562 INFO - distribution.comms_manager - Started worker 1, tag 3 [0m
[93m2019-12-01 20:44:34,562 INFO - distribution.comms_manager - Started worker 3, tag 3 [0m
[1;36;40m2019-12-01 20:44:34,561 INFO - distribution.comms_manager - Recieved task (run) from 0, tag 3 [0m
[92m2019-12-01 20:44:34,561 INFO - distribution.comms_manager - Recieved task (run) from 0, tag 3 [0m
[94m2019-12-01 20:44:34,561 INFO - distribution.comms_manager - Recieved task (run) from 0, tag 3 [0m
[93m2019-12-01 20:44:34,562 INFO - lipizzaner_mpi_master - Started heartbeat [0m
[1;35;40m2019-12-01 20:44:34,562 INFO - distribution.comms_manager - Recieved task (run) from 0, tag 3 [0m
[1;36;40m2019-12-01 20:44:34,562 INFO - lipizzaner_mpi_client - 4) Waiting for task [0m
[92m2019-12-01 20:44:34,562 INFO - lipizzaner_mpi_client - 2) Waiting for task [0m
[1;35;40m2019-12-01 20:44:34,563 INFO - lipizzaner_mpi_client - 3) Waiting for task [0m
[94m2019-12-01 20:44:34,562 INFO - lipizzaner_mpi_client - 1) Waiting for task [0m
[1;35;40m2019-12-01 20:44:34,896 INFO - lipizzaner_mpi_client - Distributed training recognized, set log directory to ./output/lipizzaner_gan_mpi/distributed/mnist/2019-12-01_20-44-25/5647 [0m
[92m2019-12-01 20:44:34,938 INFO - lipizzaner_mpi_client - Distributed training recognized, set log directory to ./output/lipizzaner_gan_mpi/distributed/mnist/2019-12-01_20-44-25/19318 [0m
[94m2019-12-01 20:44:34,944 INFO - lipizzaner_mpi_client - Distributed training recognized, set log directory to ./output/lipizzaner_gan_mpi/distributed/mnist/2019-12-01_20-44-25/28555 [0m
[1;36;40m2019-12-01 20:44:34,953 INFO - lipizzaner_mpi_client - Distributed training recognized, set log directory to ./output/lipizzaner_gan_mpi/distributed/mnist/2019-12-01_20-44-25/33239 [0m
[1;36;40m2019-12-01 20:44:35,948 INFO - lipizzaner - Parameters: {'trainer': {'name': 'lipizzaner_gan_mpi', 'n_iterations': 2, 'calculate_net_weights_dist': True, 'mixture_generator_samples_mode': 'exact_proportion', 'params': {'population_size': 1, 'tournament_size': 2, 'n_replacements': 1, 'default_adam_learning_rate': 0.0002, 'alpha': 0.0001, 'mutation_probability': 0.5, 'discriminator_skip_each_nth_step': 1, 'mixture_sigma': 0.01, 'enable_selection': False, 'score': {'enabled': True, 'type': 'fid', 'score_sample_size': 1000, 'cuda': True}, 'fitness': {'fitness_sample_size': 1000, 'fitness_mode': 'average'}}}, 'dataloader': {'dataset_name': 'mnist', 'use_batch': True, 'batch_size': 100, 'n_batches': 50, 'shuffle': True}, 'network': {'name': 'four_layer_perceptron', 'loss': 'bceloss'}, 'master': {'calculate_score': True, 'score_sample_size': 50000, 'cuda': False}, 'general': {'logging': {'enabled': True, 'log_level': 'INFO', 'log_server': None, 'image_format': 'jpg', 'print_discriminator': False}, 'losswise': {'enabled': False, 'api_key': 'MN3GDIZWZ'}, 'output_dir': './output', 'distribution': {'distributed_filesystem': True, 'type': 'mpi', 'root': 0, 'grid': {'x_size': 2, 'y_size': 2, 'config': array([[2., 4.],
       [1., 3.]])}, 'start_time': '2019-12-01_20-44-25'}, 'seed': 1, 'num_workers': 0}} [0m
[1;36;40m2019-12-01 20:44:35,949 INFO - lipizzaner - CUDA is not supported on this device. [0m
[1;36;40m2019-12-01 20:44:36,110 INFO - lipizzaner - Seed used: 420748512 [0m
[1;36;40m2019-12-01 20:44:36,110 INFO - lipizzaner - Starting training for 2 iterations/epochs. [0m
[94m2019-12-01 20:44:36,154 INFO - lipizzaner - Parameters: {'trainer': {'name': 'lipizzaner_gan_mpi', 'n_iterations': 2, 'calculate_net_weights_dist': True, 'mixture_generator_samples_mode': 'exact_proportion', 'params': {'population_size': 1, 'tournament_size': 2, 'n_replacements': 1, 'default_adam_learning_rate': 0.0002, 'alpha': 0.0001, 'mutation_probability': 0.5, 'discriminator_skip_each_nth_step': 1, 'mixture_sigma': 0.01, 'enable_selection': False, 'score': {'enabled': True, 'type': 'fid', 'score_sample_size': 1000, 'cuda': True}, 'fitness': {'fitness_sample_size': 1000, 'fitness_mode': 'average'}}}, 'dataloader': {'dataset_name': 'mnist', 'use_batch': True, 'batch_size': 100, 'n_batches': 50, 'shuffle': True}, 'network': {'name': 'four_layer_perceptron', 'loss': 'bceloss'}, 'master': {'calculate_score': True, 'score_sample_size': 50000, 'cuda': False}, 'general': {'logging': {'enabled': True, 'log_level': 'INFO', 'log_server': None, 'image_format': 'jpg', 'print_discriminator': False}, 'losswise': {'enabled': False, 'api_key': 'MN3GDIZWZ'}, 'output_dir': './output', 'distribution': {'distributed_filesystem': True, 'type': 'mpi', 'root': 0, 'grid': {'x_size': 2, 'y_size': 2, 'config': array([[2., 4.],
       [1., 3.]])}, 'start_time': '2019-12-01_20-44-25'}, 'seed': 1, 'num_workers': 0}} [0m
[94m2019-12-01 20:44:36,167 INFO - lipizzaner - CUDA is not supported on this device. [0m
[92m2019-12-01 20:44:36,167 INFO - lipizzaner - Parameters: {'trainer': {'name': 'lipizzaner_gan_mpi', 'n_iterations': 2, 'calculate_net_weights_dist': True, 'mixture_generator_samples_mode': 'exact_proportion', 'params': {'population_size': 1, 'tournament_size': 2, 'n_replacements': 1, 'default_adam_learning_rate': 0.0002, 'alpha': 0.0001, 'mutation_probability': 0.5, 'discriminator_skip_each_nth_step': 1, 'mixture_sigma': 0.01, 'enable_selection': False, 'score': {'enabled': True, 'type': 'fid', 'score_sample_size': 1000, 'cuda': True}, 'fitness': {'fitness_sample_size': 1000, 'fitness_mode': 'average'}}}, 'dataloader': {'dataset_name': 'mnist', 'use_batch': True, 'batch_size': 100, 'n_batches': 50, 'shuffle': True}, 'network': {'name': 'four_layer_perceptron', 'loss': 'bceloss'}, 'master': {'calculate_score': True, 'score_sample_size': 50000, 'cuda': False}, 'general': {'logging': {'enabled': True, 'log_level': 'INFO', 'log_server': None, 'image_format': 'jpg', 'print_discriminator': False}, 'losswise': {'enabled': False, 'api_key': 'MN3GDIZWZ'}, 'output_dir': './output', 'distribution': {'distributed_filesystem': True, 'type': 'mpi', 'root': 0, 'grid': {'x_size': 2, 'y_size': 2, 'config': array([[2., 4.],
       [1., 3.]])}, 'start_time': '2019-12-01_20-44-25'}, 'seed': 1, 'num_workers': 0}} [0m
[92m2019-12-01 20:44:36,180 INFO - lipizzaner - CUDA is not supported on this device. [0m
[92m2019-12-01 20:44:36,561 INFO - lipizzaner - Seed used: 210374236 [0m
[92m2019-12-01 20:44:36,561 INFO - lipizzaner - Starting training for 2 iterations/epochs. [0m
[94m2019-12-01 20:44:36,597 INFO - lipizzaner - Seed used: 105187117 [0m
[94m2019-12-01 20:44:36,598 INFO - lipizzaner - Starting training for 2 iterations/epochs. [0m
[1;35;40m2019-12-01 20:44:36,755 INFO - lipizzaner - Parameters: {'trainer': {'name': 'lipizzaner_gan_mpi', 'n_iterations': 2, 'calculate_net_weights_dist': True, 'mixture_generator_samples_mode': 'exact_proportion', 'params': {'population_size': 1, 'tournament_size': 2, 'n_replacements': 1, 'default_adam_learning_rate': 0.0002, 'alpha': 0.0001, 'mutation_probability': 0.5, 'discriminator_skip_each_nth_step': 1, 'mixture_sigma': 0.01, 'enable_selection': False, 'score': {'enabled': True, 'type': 'fid', 'score_sample_size': 1000, 'cuda': True}, 'fitness': {'fitness_sample_size': 1000, 'fitness_mode': 'average'}}}, 'dataloader': {'dataset_name': 'mnist', 'use_batch': True, 'batch_size': 100, 'n_batches': 50, 'shuffle': True}, 'network': {'name': 'four_layer_perceptron', 'loss': 'bceloss'}, 'master': {'calculate_score': True, 'score_sample_size': 50000, 'cuda': False}, 'general': {'logging': {'enabled': True, 'log_level': 'INFO', 'log_server': None, 'image_format': 'jpg', 'print_discriminator': False}, 'losswise': {'enabled': False, 'api_key': 'MN3GDIZWZ'}, 'output_dir': './output', 'distribution': {'distributed_filesystem': True, 'type': 'mpi', 'root': 0, 'grid': {'x_size': 2, 'y_size': 2, 'config': array([[2., 4.],
       [1., 3.]])}, 'start_time': '2019-12-01_20-44-25'}, 'seed': 1, 'num_workers': 0}} [0m
[1;35;40m2019-12-01 20:44:36,755 INFO - lipizzaner - CUDA is not supported on this device. [0m
[1;35;40m2019-12-01 20:44:37,362 INFO - lipizzaner - Seed used: 315561366 [0m
[1;35;40m2019-12-01 20:44:37,362 INFO - lipizzaner - Starting training for 2 iterations/epochs. [0m
[1;35;40m2019-12-01 20:44:38,010 INFO - distribution.comms_manager - Allgather on local comm [0m
[1;35;40m2019-12-01 20:44:38,017 INFO - training.ea.ea_trainer - Generators in current neighborhood are ['Iteration0:1:2/G0', 'Iteration0:2:1/G0', 'Iteration0:3:3/G0'] [0m
[1;35;40m2019-12-01 20:44:38,017 INFO - training.ea.ea_trainer - Discriminators in current neighborhood are ['Iteration0:1:2/D0', 'Iteration0:2:1/D0', 'Iteration0:3:3/D0'] [0m
[1;36;40m2019-12-01 20:44:37,992 INFO - distribution.comms_manager - Allgather on local comm [0m
[1;36;40m2019-12-01 20:44:38,016 INFO - training.ea.ea_trainer - Generators in current neighborhood are ['Iteration0:0:0/G0', 'Iteration0:1:2/G0', 'Iteration0:3:3/G0'] [0m
[1;36;40m2019-12-01 20:44:38,016 INFO - training.ea.ea_trainer - Discriminators in current neighborhood are ['Iteration0:0:0/D0', 'Iteration0:1:2/D0', 'Iteration0:3:3/D0'] [0m
[94m2019-12-01 20:44:38,021 INFO - distribution.comms_manager - Allgather on local comm [0m
[94m2019-12-01 20:44:38,034 INFO - training.ea.ea_trainer - Generators in current neighborhood are ['Iteration0:0:0/G0', 'Iteration0:2:1/G0', 'Iteration0:3:3/G0'] [0m
[94m2019-12-01 20:44:38,034 INFO - training.ea.ea_trainer - Discriminators in current neighborhood are ['Iteration0:0:0/D0', 'Iteration0:2:1/D0', 'Iteration0:3:3/D0'] [0m
[92m2019-12-01 20:44:38,029 INFO - distribution.comms_manager - Allgather on local comm [0m
[92m2019-12-01 20:44:38,042 INFO - training.ea.ea_trainer - Generators in current neighborhood are ['Iteration0:0:0/G0', 'Iteration0:1:2/G0', 'Iteration0:2:1/G0'] [0m
[92m2019-12-01 20:44:38,043 INFO - training.ea.ea_trainer - Discriminators in current neighborhood are ['Iteration0:0:0/D0', 'Iteration0:1:2/D0', 'Iteration0:2:1/D0'] [0m
[1;36;40m2019-12-01 20:44:39,894 INFO - training.ea.ea_trainer - Iteration 1, Batch 0/600 [0m
[1;35;40m2019-12-01 20:44:39,963 INFO - training.ea.ea_trainer - Iteration 1, Batch 0/600 [0m
[92m2019-12-01 20:44:39,976 INFO - training.ea.ea_trainer - Iteration 1, Batch 0/600 [0m
[94m2019-12-01 20:44:39,980 INFO - training.ea.ea_trainer - Iteration 1, Batch 0/600 [0m
[1;36;40m2019-12-01 20:44:44,019 INFO - distribution.comms_manager - Allgather on local comm [0m
[92m2019-12-01 20:44:44,031 INFO - distribution.comms_manager - Allgather on local comm [0m
[1;35;40m2019-12-01 20:44:44,035 INFO - distribution.comms_manager - Allgather on local comm [0m
[94m2019-12-01 20:44:44,053 INFO - distribution.comms_manager - Allgather on local comm [0m
[92m2019-12-01 20:44:44,231 INFO - training.ea.ea_trainer - Calculating FID/inception score. [0m
[1;36;40m2019-12-01 20:44:44,240 INFO - training.ea.ea_trainer - Calculating FID/inception score. [0m
[94m2019-12-01 20:44:44,255 INFO - training.ea.ea_trainer - Calculating FID/inception score. [0m
[1;35;40m2019-12-01 20:44:44,256 INFO - training.ea.ea_trainer - Calculating FID/inception score. [0m
[1;36;40m2019-12-01 20:44:47,355 INFO - training.ea.ea_trainer - Iteration=1, f(Generator(x))=0.5374506115913391, f(Discriminator(x))=0.6485815048217773, lr_gen=0.00019984709403397842, lr_dis=0.00020004428996299358, score=772.5468590033681, mixture_gen=OrderedDict([(0, 0.32697531123821555), (3, 0.33657618691457414), (1, 0.33644850184721037)]), mixture_dis=None [0m
[1;35;40m2019-12-01 20:44:47,682 INFO - training.ea.ea_trainer - Iteration=1, f(Generator(x))=0.6916988492012024, f(Discriminator(x))=0.6202967762947083, lr_gen=0.00020001871701751299, lr_dis=0.00019995337500086123, score=771.3638827880756, mixture_gen=OrderedDict([(1, 0.3333333333333333), (2, 0.3333333333333333), (3, 0.3333333333333333)]), mixture_dis=None [0m
[94m2019-12-01 20:44:47,697 INFO - training.ea.ea_trainer - Iteration=1, f(Generator(x))=0.5754397213459015, f(Discriminator(x))=0.6131380995114645, lr_gen=0.00019984392801475142, lr_dis=0.00019994078450126968, score=771.6077548921912, mixture_gen=OrderedDict([(0, 0.3333333333333333), (3, 0.3333333333333333), (2, 0.3333333333333333)]), mixture_dis=None [0m
[92m2019-12-01 20:44:47,698 INFO - training.ea.ea_trainer - Iteration=1, f(Generator(x))=0.3739226162433624, f(Discriminator(x))=0.9454969167709351, lr_gen=0.00019991280993205245, lr_dis=0.00019994242701121555, score=772.4707524674764, mixture_gen=OrderedDict([(1, 0.3333333333333333), (2, 0.3333333333333333), (0, 0.3333333333333333)]), mixture_dis=None [0m
[1;36;40m2019-12-01 20:44:53,583 INFO - distribution.comms_manager - Allgather on local comm [0m
[1;36;40m2019-12-01 20:44:53,609 INFO - training.ea.ea_trainer - Generators in current neighborhood are ['Iteration0:0:0/G0', 'Iteration0:1:2/G0', 'Iteration0:3:3/G0'] [0m
[1;36;40m2019-12-01 20:44:53,609 INFO - training.ea.ea_trainer - Discriminators in current neighborhood are ['Iteration0:0:0/D0', 'Iteration0:1:2/D0', 'Iteration0:3:3/D0'] [0m
[94m2019-12-01 20:44:53,638 INFO - distribution.comms_manager - Allgather on local comm [0m
[1;35;40m2019-12-01 20:44:53,644 INFO - distribution.comms_manager - Allgather on local comm [0m
[94m2019-12-01 20:44:53,651 INFO - training.ea.ea_trainer - Generators in current neighborhood are ['Iteration0:0:0/G0', 'Iteration0:2:1/G0', 'Iteration0:3:3/G0'] [0m
[94m2019-12-01 20:44:53,651 INFO - training.ea.ea_trainer - Discriminators in current neighborhood are ['Iteration0:0:0/D0', 'Iteration0:2:1/D0', 'Iteration0:3:3/D0'] [0m
[1;35;40m2019-12-01 20:44:53,658 INFO - training.ea.ea_trainer - Generators in current neighborhood are ['Iteration0:1:2/G0', 'Iteration0:2:1/G0', 'Iteration0:3:3/G0'] [0m
[1;35;40m2019-12-01 20:44:53,658 INFO - training.ea.ea_trainer - Discriminators in current neighborhood are ['Iteration0:1:2/D0', 'Iteration0:2:1/D0', 'Iteration0:3:3/D0'] [0m
[92m2019-12-01 20:44:53,654 INFO - distribution.comms_manager - Allgather on local comm [0m
[92m2019-12-01 20:44:53,709 INFO - training.ea.ea_trainer - Generators in current neighborhood are ['Iteration0:0:0/G0', 'Iteration0:1:2/G0', 'Iteration0:2:1/G0'] [0m
[92m2019-12-01 20:44:53,709 INFO - training.ea.ea_trainer - Discriminators in current neighborhood are ['Iteration0:0:0/D0', 'Iteration0:1:2/D0', 'Iteration0:2:1/D0'] [0m
[1;36;40m2019-12-01 20:44:55,584 INFO - training.ea.ea_trainer - Iteration 2, Batch 0/600 [0m
[1;35;40m2019-12-01 20:44:55,698 INFO - training.ea.ea_trainer - Iteration 2, Batch 0/600 [0m
[94m2019-12-01 20:44:55,711 INFO - training.ea.ea_trainer - Iteration 2, Batch 0/600 [0m
[92m2019-12-01 20:44:55,771 INFO - training.ea.ea_trainer - Iteration 2, Batch 0/600 [0m
[1;36;40m2019-12-01 20:44:59,808 INFO - distribution.comms_manager - Allgather on local comm [0m
[92m2019-12-01 20:44:59,823 INFO - distribution.comms_manager - Allgather on local comm [0m
[1;35;40m2019-12-01 20:44:59,832 INFO - distribution.comms_manager - Allgather on local comm [0m
[94m2019-12-01 20:44:59,833 INFO - distribution.comms_manager - Allgather on local comm [0m
[1;36;40m2019-12-01 20:45:00,026 INFO - training.ea.ea_trainer - Calculating FID/inception score. [0m
[94m2019-12-01 20:45:00,044 INFO - training.ea.ea_trainer - Calculating FID/inception score. [0m
[92m2019-12-01 20:45:00,046 INFO - training.ea.ea_trainer - Calculating FID/inception score. [0m
[1;35;40m2019-12-01 20:45:00,054 INFO - training.ea.ea_trainer - Calculating FID/inception score. [0m
[1;36;40m2019-12-01 20:45:01,879 INFO - training.ea.ea_trainer - Iteration=2, f(Generator(x))=0.04826700439055761, f(Discriminator(x))=1.0023624648650487, lr_gen=0.00019979820027737802, lr_dis=0.00019996709553892254, score=791.5143534043627, mixture_gen=OrderedDict([(0, 0.3345235182345598), (3, 0.3313087094637859), (1, 0.33416777230165423)]), mixture_dis=None [0m
[94m2019-12-01 20:45:01,984 INFO - training.ea.ea_trainer - Iteration=2, f(Generator(x))=0.09544852375984192, f(Discriminator(x))=0.8116650183995565, lr_gen=0.00019979314628507263, lr_dis=0.0001998376241696755, score=791.7225375441859, mixture_gen=OrderedDict([(0, 0.3333333333333333), (3, 0.3333333333333333), (2, 0.3333333333333333)]), mixture_dis=None [0m
[92m2019-12-01 20:45:01,965 INFO - training.ea.ea_trainer - Iteration=2, f(Generator(x))=0.20040901005268097, f(Discriminator(x))=0.6739681363105774, lr_gen=0.00019979344114059132, lr_dis=0.0001998632680338751, score=792.4261299471198, mixture_gen=OrderedDict([(1, 0.3333333333333333), (2, 0.3333333333333333), (0, 0.3333333333333333)]), mixture_dis=None [0m
[1;36;40m2019-12-01 20:45:02,146 INFO - lipizzaner - Finished training process, f(d)=1.0023624648650487, f(g)=0.04826700439055761 [0m
[94m2019-12-01 20:45:02,146 INFO - lipizzaner - Finished training process, f(d)=0.8116650183995565, f(g)=0.09544852375984192 [0m
[92m2019-12-01 20:45:02,187 INFO - lipizzaner - Finished training process, f(d)=0.6739681363105774, f(g)=0.20040901005268097 [0m
[1;35;40m2019-12-01 20:45:02,454 INFO - training.ea.ea_trainer - Iteration=2, f(Generator(x))=0.1825349691013495, f(Discriminator(x))=0.5603883018096288, lr_gen=0.0001999458173404775, lr_dis=0.00020003222820439475, score=791.5599413401758, mixture_gen=OrderedDict([(1, 0.33321038266065256), (2, 0.3378904950603662), (3, 0.32889912227898116)]), mixture_dis=None [0m
[1;35;40m2019-12-01 20:45:02,595 INFO - lipizzaner - Finished training process, f(d)=0.5603883018096288, f(g)=0.1825349691013495 [0m
[94m2019-12-01 20:45:02,964 INFO - lipizzaner_mpi_client - Finished experiment, waiting for new requests. [0m
[94m2019-12-01 20:45:02,964 INFO - lipizzaner_mpi_client - Results gathering [0m
[1;36;40m2019-12-01 20:45:03,247 INFO - lipizzaner_mpi_client - Finished experiment, waiting for new requests. [0m
[1;36;40m2019-12-01 20:45:03,272 INFO - lipizzaner_mpi_client - Results gathering [0m
[92m2019-12-01 20:45:03,378 INFO - lipizzaner_mpi_client - Finished experiment, waiting for new requests. [0m
[92m2019-12-01 20:45:03,378 INFO - lipizzaner_mpi_client - Results gathering [0m
[1;35;40m2019-12-01 20:45:03,896 INFO - lipizzaner_mpi_client - Finished experiment, waiting for new requests. [0m
[1;35;40m2019-12-01 20:45:03,896 INFO - lipizzaner_mpi_client - Results gathering [0m
[1;36;40m2019-12-01 20:45:04,337 INFO - distribution.comms_manager - Allgather on local comm [0m
[94m2019-12-01 20:45:04,341 INFO - distribution.comms_manager - Allgather on local comm [0m
[92m2019-12-01 20:45:04,358 INFO - distribution.comms_manager - Allgather on local comm [0m
[1;35;40m2019-12-01 20:45:04,383 INFO - distribution.comms_manager - Allgather on local comm [0m
[93m2019-12-01 20:45:34,563 INFO - distribution.comms_manager - Sent task (status) to 1, tag 3 [0m
[93m2019-12-01 20:45:34,584 INFO - distribution.comms_manager - Recieved data from 1, tag 1 [0m
[93m2019-12-01 20:45:34,585 INFO - distribution.comms_manager - Sent task (status) to 2, tag 3 [0m
[94m2019-12-01 20:45:34,575 INFO - distribution.comms_manager - Recieved task (status) from 0, tag 3 [0m
[94m2019-12-01 20:45:34,583 INFO - distribution.comms_manager - Sent message to 0 ,tag 1 [0m
[94m2019-12-01 20:45:34,583 INFO - lipizzaner_mpi_client - 1) Waiting for task [0m
[93m2019-12-01 20:45:34,625 INFO - distribution.comms_manager - Recieved data from 2, tag 1 [0m
[93m2019-12-01 20:45:34,626 INFO - distribution.comms_manager - Sent task (status) to 3, tag 3 [0m
[92m2019-12-01 20:45:34,596 INFO - distribution.comms_manager - Recieved task (status) from 0, tag 3 [0m
[92m2019-12-01 20:45:34,624 INFO - distribution.comms_manager - Sent message to 0 ,tag 1 [0m
[92m2019-12-01 20:45:34,625 INFO - lipizzaner_mpi_client - 2) Waiting for task [0m
[93m2019-12-01 20:45:34,684 INFO - distribution.comms_manager - Recieved data from 3, tag 1 [0m
[93m2019-12-01 20:45:34,684 INFO - distribution.comms_manager - Sent task (status) to 4, tag 3 [0m
[1;35;40m2019-12-01 20:45:34,638 INFO - distribution.comms_manager - Recieved task (status) from 0, tag 3 [0m
[1;35;40m2019-12-01 20:45:34,684 INFO - distribution.comms_manager - Sent message to 0 ,tag 1 [0m
[1;35;40m2019-12-01 20:45:34,684 INFO - lipizzaner_mpi_client - 3) Waiting for task [0m
[93m2019-12-01 20:45:34,726 INFO - distribution.comms_manager - Recieved data from 4, tag 1 [0m
[93m2019-12-01 20:45:34,726 INFO - helpers.heartbeat_mpi - Heartbeat: All clients finished their experiments. [0m
[1;36;40m2019-12-01 20:45:34,696 INFO - distribution.comms_manager - Recieved task (status) from 0, tag 3 [0m
[1;36;40m2019-12-01 20:45:34,725 INFO - distribution.comms_manager - Sent message to 0 ,tag 1 [0m
[1;36;40m2019-12-01 20:45:34,725 INFO - lipizzaner_mpi_client - 4) Waiting for task [0m
[93m2019-12-01 20:45:34,726 INFO - lipizzaner_mpi_master - Started stopped with success [0m
[93m2019-12-01 20:45:34,726 INFO - lipizzaner_mpi_master - Collecting results from clients... [0m
[92m2019-12-01 20:45:34,797 INFO - distribution.comms_manager - Gather on general comm [0m
[1;36;40m2019-12-01 20:45:34,864 INFO - distribution.comms_manager - Gather on general comm [0m
[94m2019-12-01 20:45:34,923 INFO - distribution.comms_manager - Gather on general comm [0m
[1;35;40m2019-12-01 20:45:34,989 INFO - distribution.comms_manager - Gather on general comm [0m
[93m2019-12-01 20:45:35,062 INFO - distribution.comms_manager - Gather on general comm by master [0m
[93m2019-12-01 20:45:35,766 INFO - lipizzaner_mpi_master - Filename: generator-0.pkl [0m
[93m2019-12-01 20:45:36,253 INFO - lipizzaner_mpi_master - Filename: generator-1.pkl [0m
[93m2019-12-01 20:45:36,732 INFO - lipizzaner_mpi_master - Filename: generator-2.pkl [0m
[93m2019-12-01 20:45:37,177 INFO - lipizzaner_mpi_master - Filename: discriminator-0.pkl [0m
[93m2019-12-01 20:45:37,410 INFO - lipizzaner_mpi_master - Filename: discriminator-1.pkl [0m
[93m2019-12-01 20:45:37,844 INFO - lipizzaner_mpi_master - Filename: discriminator-2.pkl [0m
[93m2019-12-01 20:45:38,157 ERROR - lipizzaner_mpi_master - Data recieved
Gen pop <helpers.population.Population object at 0x7efe6013a748> 
Weights gen OrderedDict([(1, 0.3333333333333333), (2, 0.3333333333333333), (0, 0.3333333333333333)]) [0m
[93m2019-12-01 20:45:40,931 INFO - lipizzaner_mpi_master - Saved mixture result images of client 0 to target directory ./output/lipizzaner_gan_mpi/master/2019-12-01_20-44-25/pu0. [0m
[93m2019-12-01 20:45:41,003 INFO - lipizzaner_mpi_master - Score calculator: FIDCalculator [0m
[93m2019-12-01 20:45:41,003 INFO - lipizzaner_mpi_master - Calculating score score of 0. Depending on the type, this may take very long. [0m
[93m2019-12-01 20:45:42,416 INFO - lipizzaner_mpi_master - Node 0 with weights OrderedDict([(1, 0.3333333333333333), (2, 0.3333333333333333), (0, 0.3333333333333333)]) yielded a score of (792.1392508816641, 0) [0m
[93m2019-12-01 20:45:42,504 INFO - lipizzaner_mpi_master - Filename: generator-0.pkl [0m
[93m2019-12-01 20:45:43,310 INFO - lipizzaner_mpi_master - Filename: generator-1.pkl [0m
[93m2019-12-01 20:45:43,911 INFO - lipizzaner_mpi_master - Filename: generator-3.pkl [0m
[93m2019-12-01 20:45:44,363 INFO - lipizzaner_mpi_master - Filename: discriminator-0.pkl [0m
[93m2019-12-01 20:45:44,847 INFO - lipizzaner_mpi_master - Filename: discriminator-1.pkl [0m
[93m2019-12-01 20:45:45,168 INFO - lipizzaner_mpi_master - Filename: discriminator-3.pkl [0m
[93m2019-12-01 20:45:45,578 ERROR - lipizzaner_mpi_master - Data recieved
Gen pop <helpers.population.Population object at 0x7eff183296d8> 
Weights gen OrderedDict([(0, 0.3345235182345598), (3, 0.3313087094637859), (1, 0.33416777230165423)]) [0m
[93m2019-12-01 20:45:47,499 INFO - lipizzaner_mpi_master - Saved mixture result images of client 1 to target directory ./output/lipizzaner_gan_mpi/master/2019-12-01_20-44-25/pu1. [0m
[93m2019-12-01 20:45:47,542 INFO - lipizzaner_mpi_master - Score calculator: FIDCalculator [0m
[93m2019-12-01 20:45:47,542 INFO - lipizzaner_mpi_master - Calculating score score of 1. Depending on the type, this may take very long. [0m
[93m2019-12-01 20:45:48,038 INFO - lipizzaner_mpi_master - Node 1 with weights OrderedDict([(0, 0.3345235182345598), (3, 0.3313087094637859), (1, 0.33416777230165423)]) yielded a score of (802.4830469719128, 0) [0m
[93m2019-12-01 20:45:48,086 INFO - lipizzaner_mpi_master - Filename: generator-0.pkl [0m
[93m2019-12-01 20:45:49,667 INFO - lipizzaner_mpi_master - Filename: generator-2.pkl [0m
[93m2019-12-01 20:45:49,971 INFO - lipizzaner_mpi_master - Filename: generator-3.pkl [0m
[93m2019-12-01 20:45:50,591 INFO - lipizzaner_mpi_master - Filename: discriminator-0.pkl [0m
[93m2019-12-01 20:45:50,978 INFO - lipizzaner_mpi_master - Filename: discriminator-2.pkl [0m
[93m2019-12-01 20:45:51,395 INFO - lipizzaner_mpi_master - Filename: discriminator-3.pkl [0m
[93m2019-12-01 20:45:51,755 ERROR - lipizzaner_mpi_master - Data recieved
Gen pop <helpers.population.Population object at 0x7eff1833fb38> 
Weights gen OrderedDict([(0, 0.3333333333333333), (3, 0.3333333333333333), (2, 0.3333333333333333)]) [0m
[93m2019-12-01 20:45:53,885 INFO - lipizzaner_mpi_master - Saved mixture result images of client 2 to target directory ./output/lipizzaner_gan_mpi/master/2019-12-01_20-44-25/pu2. [0m
[93m2019-12-01 20:45:53,926 INFO - lipizzaner_mpi_master - Score calculator: FIDCalculator [0m
[93m2019-12-01 20:45:53,927 INFO - lipizzaner_mpi_master - Calculating score score of 2. Depending on the type, this may take very long. [0m
[93m2019-12-01 20:45:54,402 INFO - lipizzaner_mpi_master - Node 2 with weights OrderedDict([(0, 0.3333333333333333), (3, 0.3333333333333333), (2, 0.3333333333333333)]) yielded a score of (785.8258330093946, 0) [0m
[93m2019-12-01 20:45:54,563 INFO - lipizzaner_mpi_master - Filename: generator-1.pkl [0m
[93m2019-12-01 20:45:55,030 INFO - lipizzaner_mpi_master - Filename: generator-2.pkl [0m
[93m2019-12-01 20:45:55,260 INFO - lipizzaner_mpi_master - Filename: generator-3.pkl [0m
[93m2019-12-01 20:45:55,693 INFO - lipizzaner_mpi_master - Filename: discriminator-1.pkl [0m
[93m2019-12-01 20:45:56,024 INFO - lipizzaner_mpi_master - Filename: discriminator-2.pkl [0m
[93m2019-12-01 20:45:56,489 INFO - lipizzaner_mpi_master - Filename: discriminator-3.pkl [0m
[93m2019-12-01 20:45:56,824 ERROR - lipizzaner_mpi_master - Data recieved
Gen pop <helpers.population.Population object at 0x7eff182d7f98> 
Weights gen OrderedDict([(1, 0.33321038266065256), (2, 0.3378904950603662), (3, 0.32889912227898116)]) [0m
[93m2019-12-01 20:45:58,996 INFO - lipizzaner_mpi_master - Saved mixture result images of client 3 to target directory ./output/lipizzaner_gan_mpi/master/2019-12-01_20-44-25/pu3. [0m
[93m2019-12-01 20:45:59,069 INFO - lipizzaner_mpi_master - Score calculator: FIDCalculator [0m
[93m2019-12-01 20:45:59,069 INFO - lipizzaner_mpi_master - Calculating score score of 3. Depending on the type, this may take very long. [0m
[93m2019-12-01 20:45:59,540 INFO - lipizzaner_mpi_master - Node 3 with weights OrderedDict([(1, 0.33321038266065256), (2, 0.3378904950603662), (3, 0.32889912227898116)]) yielded a score of (818.1568375244865, 0) [0m
[93m2019-12-01 20:45:59,576 INFO - lipizzaner_mpi_master - Best result: pu2 = (785.8258330093946, 0) [0m
[93m2019-12-01 20:45:59,577 INFO - lipizzaner_mpi_master - Stopping clients... [0m
[92m2019-12-01 20:45:59,576 INFO - distribution.comms_manager - Recieved task (close) from 0, tag 3 [0m
[94m2019-12-01 20:45:59,576 INFO - distribution.comms_manager - Recieved task (close) from 0, tag 3 [0m
[92m2019-12-01 20:45:59,576 INFO - lipizzaner_mpi_client - Exiting... [0m
[94m2019-12-01 20:45:59,577 INFO - lipizzaner_mpi_client - Exiting... [0m
[94m2019-12-01 20:45:59,577 INFO - __main__ - Writing statistics on file [0m
[1;36;40m2019-12-01 20:45:59,577 INFO - distribution.comms_manager - Recieved task (close) from 0, tag 3 [0m
[1;36;40m2019-12-01 20:45:59,577 INFO - lipizzaner_mpi_client - Exiting... [0m
[1;35;40m2019-12-01 20:45:59,578 INFO - distribution.comms_manager - Recieved task (close) from 0, tag 3 [0m
[1;35;40m2019-12-01 20:45:59,579 INFO - lipizzaner_mpi_client - Exiting... [0m
