Rank 1, socket:  node15.datos.cluster.uy 
Rank 0, socket:  node15.datos.cluster.uy 
	 gpu seen 1  gpu count Tesla P100-PCIE-12GB
	 gpu seen 1  gpu count Tesla P100-PCIE-12GB
Rank 3, socket:  node17.datos.cluster.uy 
	 gpu seen 1  gpu count Tesla P100-PCIE-12GB
Rank 2, socket:  node17.datos.cluster.uy 
	 gpu seen 1  gpu count Tesla P100-PCIE-12GB
Rank 4, socket:  node18.datos.cluster.uy 
	 gpu seen 1  gpu count Tesla P100-PCIE-12GB
Rank 5, socket:  node18.datos.cluster.uy 
	 gpu seen 1  gpu count Tesla P100-PCIE-12GB
Rank 9, socket:  node20.datos.cluster.uy 
	 gpu seen 1  gpu count Tesla P100-PCIE-12GB
Rank 8, socket:  node20.datos.cluster.uy 
	 gpu seen 1  gpu count Tesla P100-PCIE-12GB
Rank 6, socket:  node19.datos.cluster.uy 
	 gpu seen 1  gpu count Tesla P100-PCIE-12GB
Rank 7, socket:  node19.datos.cluster.uy 
	 gpu seen 1  gpu count Tesla P100-PCIE-12GB
[93m2019-12-13 02:31:46,389 INFO - lipizzaner_mpi_master - Seed used in master: 1 [0m
[93m2019-12-13 02:31:46,489 INFO - lipizzaner_mpi_master - Downloading dataset... [0m
Downloading http://yann.lecun.com/exdb/mnist/train-images-idx3-ubyte.gz
Downloading http://yann.lecun.com/exdb/mnist/train-labels-idx1-ubyte.gz
Downloading http://yann.lecun.com/exdb/mnist/t10k-images-idx3-ubyte.gz
Downloading http://yann.lecun.com/exdb/mnist/t10k-labels-idx1-ubyte.gz
Processing...
Done!
[93m2019-12-13 02:33:22,227 INFO - lipizzaner_mpi_master - Dataset downloaded. [0m
[93m2019-12-13 02:33:22,227 INFO - lipizzaner_mpi_master - Asigned worker 2 to wid 0 [0m
[93m2019-12-13 02:33:22,228 INFO - lipizzaner_mpi_master - Asigned worker 4 to wid 1 [0m
[93m2019-12-13 02:33:22,228 INFO - lipizzaner_mpi_master - Asigned worker 6 to wid 2 [0m
[93m2019-12-13 02:33:22,229 INFO - lipizzaner_mpi_master - Asigned worker 8 to wid 3 [0m
[93m2019-12-13 02:33:22,229 INFO - lipizzaner_mpi_master - Asigned worker 1 to wid 4 [0m
[93m2019-12-13 02:33:22,229 INFO - lipizzaner_mpi_master - Asigned worker 3 to wid 5 [0m
[93m2019-12-13 02:33:22,229 INFO - lipizzaner_mpi_master - Asigned worker 5 to wid 6 [0m
[93m2019-12-13 02:33:22,230 INFO - lipizzaner_mpi_master - Asigned worker 7 to wid 7 [0m
[93m2019-12-13 02:33:22,230 INFO - lipizzaner_mpi_master - Asigned worker 9 to wid 8 [0m
[94m2019-12-13 02:33:22,235 INFO - distribution.comms_manager - New comm 0, rank 4 out of 9 [0m
[1;36;40m2019-12-13 02:33:22,235 INFO - distribution.comms_manager - New comm 0, rank 8 out of 9 [0m
[1;36;40m2019-12-13 02:33:22,235 INFO - distribution.comms_manager - New comm 0, rank 6 out of 9 [0m
[1;36;40m2019-12-13 02:33:22,235 INFO - distribution.comms_manager - New comm 0, rank 3 out of 9 [0m
[92m2019-12-13 02:33:22,235 INFO - distribution.comms_manager - New comm 0, rank 0 out of 9 [0m
[1;36;40m2019-12-13 02:33:22,235 INFO - distribution.comms_manager - New comm 0, rank 1 out of 9 [0m
[1;35;40m2019-12-13 02:33:22,235 INFO - distribution.comms_manager - New comm 0, rank 5 out of 9 [0m
[1;36;40m2019-12-13 02:33:22,235 INFO - distribution.comms_manager - New comm 0, rank 2 out of 9 [0m
[1;36;40m2019-12-13 02:33:22,235 INFO - distribution.comms_manager - New comm 0, rank 7 out of 9 [0m
[93m2019-12-13 02:33:22,236 INFO - lipizzaner_mpi_master - Started heartbeat [0m
[94m2019-12-13 02:33:22,238 INFO - lipizzaner_mpi_client - Distributed training recognized, set log directory to /scratch/output/lipizzaner_gan_mpi/distributed/mnist/2019-12-13_02-33-22/21725 [0m
[1;36;40m2019-12-13 02:33:22,250 INFO - lipizzaner_mpi_client - Distributed training recognized, set log directory to /scratch/output/lipizzaner_gan_mpi/distributed/mnist/2019-12-13_02-33-22/35405 [0m
[1;36;40m2019-12-13 02:33:22,250 INFO - lipizzaner_mpi_client - Distributed training recognized, set log directory to /scratch/output/lipizzaner_gan_mpi/distributed/mnist/2019-12-13_02-33-22/38557 [0m
[1;36;40m2019-12-13 02:33:22,250 INFO - lipizzaner_mpi_client - Distributed training recognized, set log directory to /scratch/output/lipizzaner_gan_mpi/distributed/mnist/2019-12-13_02-33-22/26275 [0m
[1;36;40m2019-12-13 02:33:22,250 INFO - lipizzaner_mpi_client - Distributed training recognized, set log directory to /scratch/output/lipizzaner_gan_mpi/distributed/mnist/2019-12-13_02-33-22/35406 [0m
[1;35;40m2019-12-13 02:33:22,250 INFO - lipizzaner_mpi_client - Distributed training recognized, set log directory to /scratch/output/lipizzaner_gan_mpi/distributed/mnist/2019-12-13_02-33-22/2469 [0m
[94m2019-12-13 02:33:28,742 INFO - lipizzaner - CUDA is supported on this device and will be used. [0m
[94m2019-12-13 02:33:28,744 INFO - lipizzaner - Seed used: 105187116 [0m
[94m2019-12-13 02:33:28,744 INFO - lipizzaner - Starting training for 2 iterations/epochs. [0m
[94m2019-12-13 02:33:28,763 INFO - distribution.comms_manager - Size of data sent: 64 [0m
Downloading http://yann.lecun.com/exdb/mnist/train-images-idx3-ubyte.gz
Downloading http://yann.lecun.com/exdb/mnist/train-images-idx3-ubyte.gz
Downloading http://yann.lecun.com/exdb/mnist/train-images-idx3-ubyte.gz
Downloading http://yann.lecun.com/exdb/mnist/train-images-idx3-ubyte.gz
Downloading http://yann.lecun.com/exdb/mnist/train-images-idx3-ubyte.gz
Downloading http://yann.lecun.com/exdb/mnist/train-labels-idx1-ubyte.gz
Downloading http://yann.lecun.com/exdb/mnist/t10k-images-idx3-ubyte.gz
Downloading http://yann.lecun.com/exdb/mnist/train-labels-idx1-ubyte.gz
Downloading http://yann.lecun.com/exdb/mnist/train-labels-idx1-ubyte.gz
Downloading http://yann.lecun.com/exdb/mnist/t10k-images-idx3-ubyte.gz
Downloading http://yann.lecun.com/exdb/mnist/t10k-labels-idx1-ubyte.gz
Downloading http://yann.lecun.com/exdb/mnist/t10k-images-idx3-ubyte.gz
Processing...
Downloading http://yann.lecun.com/exdb/mnist/train-labels-idx1-ubyte.gz
Downloading http://yann.lecun.com/exdb/mnist/t10k-images-idx3-ubyte.gz
Downloading http://yann.lecun.com/exdb/mnist/t10k-labels-idx1-ubyte.gz
Downloading http://yann.lecun.com/exdb/mnist/t10k-labels-idx1-ubyte.gz
Processing...
Processing...
[1;36;40m2019-12-13 02:33:43,449 CRITICAL - lipizzaner_mpi_client - An unhandled error occured while running Lipizzaner: [Errno 2] No such file or directory: '/scratch/output/data/raw/train-images-idx3-ubyte.gz' [0m
Traceback (most recent call last):
  File "/clusteruy/home/eperez/editing/hpcFinal/lipizzaner-gan-master/src/lipizzaner_mpi_client.py", line 199, in _run_lipizzaner
    lipizzaner = Lipizzaner()
  File "/clusteruy/home/eperez/editing/hpcFinal/lipizzaner-gan-master/src/lipizzaner.py", line 36, in __init__
    self.trainer = self.cc.create_instance(self.cc.settings['trainer']['name'], dataloader, network_factory)
  File "/clusteruy/home/eperez/editing/hpcFinal/lipizzaner-gan-master/src/helpers/configuration_container.py", line 45, in create_instance
    return cls(*args)
  File "/clusteruy/home/eperez/editing/hpcFinal/lipizzaner-gan-master/src/training/ea/lipizzaner_gan_trainer_mpi.py", line 66, in __init__
    self.score_calc = ScoreCalculatorFactory.create()
  File "/clusteruy/home/eperez/editing/hpcFinal/lipizzaner-gan-master/src/training/mixture/score_factory.py", line 25, in create
    dataloader.load()
  File "/clusteruy/home/eperez/editing/hpcFinal/lipizzaner-gan-master/src/data/data_loader.py", line 45, in load
    download=True)
  File "/clusteruy/home/eperez/anaconda3/envs/lipizzaner/lib/python3.6/site-packages/torchvision-0.2.0-py3.6.egg/torchvision/datasets/mnist.py", line 45, in __init__
    self.download()
  File "/clusteruy/home/eperez/anaconda3/envs/lipizzaner/lib/python3.6/site-packages/torchvision-0.2.0-py3.6.egg/torchvision/datasets/mnist.py", line 119, in download
    gzip.GzipFile(file_path) as zip_f:
  File "/clusteruy/home/eperez/anaconda3/envs/lipizzaner/lib/python3.6/gzip.py", line 163, in __init__
    fileobj = self.myfileobj = builtins.open(filename, mode or 'rb')
FileNotFoundError: [Errno 2] No such file or directory: '/scratch/output/data/raw/train-images-idx3-ubyte.gz'
[1;36;40m2019-12-13 02:33:43,731 INFO - lipizzaner_mpi_client - Finished experiment, waiting for new requests. [0m
[1;36;40m2019-12-13 02:33:43,732 INFO - lipizzaner_mpi_client - Results gathering [0m
[1;36;40m2019-12-13 02:33:43,797 INFO - distribution.comms_manager - Size of data sent: 64 [0m
Downloading http://yann.lecun.com/exdb/mnist/t10k-labels-idx1-ubyte.gz
Processing...
Done!
Done!
[1;36;40m2019-12-13 02:34:18,449 INFO - lipizzaner - CUDA is supported on this device and will be used. [0m
[1;36;40m2019-12-13 02:34:18,450 INFO - lipizzaner - Seed used: 525935595 [0m
[1;36;40m2019-12-13 02:34:18,450 INFO - lipizzaner - Starting training for 2 iterations/epochs. [0m
[1;36;40m2019-12-13 02:34:18,468 INFO - distribution.comms_manager - Size of data sent: 64 [0m
[1;36;40m2019-12-13 02:34:18,494 INFO - lipizzaner - CUDA is supported on this device and will be used. [0m
[1;36;40m2019-12-13 02:34:18,495 INFO - lipizzaner - Seed used: 946684089 [0m
[1;36;40m2019-12-13 02:34:18,495 INFO - lipizzaner - Starting training for 2 iterations/epochs. [0m
[1;36;40m2019-12-13 02:34:18,527 INFO - distribution.comms_manager - Size of data sent: 64 [0m
Done!
[1;35;40m2019-12-13 02:34:18,959 INFO - lipizzaner - CUDA is supported on this device and will be used. [0m
[1;35;40m2019-12-13 02:34:18,960 INFO - lipizzaner - Seed used: 315561354 [0m
[1;35;40m2019-12-13 02:34:18,960 INFO - lipizzaner - Starting training for 2 iterations/epochs. [0m
[1;35;40m2019-12-13 02:34:18,991 INFO - distribution.comms_manager - Size of data sent: 64 [0m
Done!
[1;36;40m2019-12-13 02:34:30,416 INFO - lipizzaner - CUDA is supported on this device and will be used. [0m
[1;36;40m2019-12-13 02:34:30,430 INFO - lipizzaner - Seed used: 736309840 [0m
[1;36;40m2019-12-13 02:34:30,430 INFO - lipizzaner - Starting training for 2 iterations/epochs. [0m
[1;36;40m2019-12-13 02:34:30,464 INFO - distribution.comms_manager - Size of data sent: 64 [0m
slurmstepd: error: *** JOB 568763 ON node15 CANCELLED AT 2019-12-13T05:01:02 DUE TO TIME LIMIT ***
